<?xml version="1.0" encoding="UTF-8"?>
<!-- Generated by org.testng.reporters.JUnitReportReporter -->
<testsuite skipped="0" hostname="LAPTOP-AGHJRJVA" name="runner.Runner" tests="1" failures="0" timestamp="2020-06-30T01:22:22 IST" time="9.548" errors="1">
  <testcase name="runScenario" time="9.548" classname="runner.Runner">
    <error type="org.openqa.selenium.ElementClickInterceptedException" message="element click intercepted: Element &lt;a style=&quot;color: #000;&quot; title=&quot;Jeans&quot; class=&quot;&quot; href=&quot;https://www.shein.in/Jeans-c-1934.html?icn=jeans&amp;amp;ici=in_tab01navbar02menu11dir01&amp;amp;srctype=category&amp;amp;userpath=category&gt;WOMEN&gt;CLOTHING&gt;Denim&gt;Jeans&amp;amp;scici=navbar_2~~tab01navbar02menu11dir01~~2_11_1~~real_1934~~SPcCccWomenCategory_default~~0~~0&quot; da-event-click=&quot;2-2-1&quot; data-scici=&quot;navbar_2~~tab01navbar02menu11dir01~~2_11_1~~real_1934~~SPcCccWomenCategory_default~~0~~0&quot; data-node-id=&quot;640600054&quot;&gt;...&lt;/a&gt; is not clickable at point (15, 7). Other element would receive the click: &lt;div class=&quot;config-wrap j-topbanner-fixer&quot; style=&quot;background: url(&amp;quot;//img.ltwebstatic.com/images3_acp/2020/06/25/15930711117f7cfdf0aaa3acab72192ca364854a0f.gif&amp;quot;) center 0px / 1920px 48px transparent; transform: translateY(0px);&quot;&gt;...&lt;/div&gt;
  (Session info: chrome=83.0.4103.116)
Build info: version: &#039;3.141.59&#039;, revision: &#039;e82be7d358&#039;, time: &#039;2018-11-14T08:17:03&#039;
System info: host: &#039;LAPTOP-AGHJRJVA&#039;, ip: &#039;192.168.137.1&#039;, os.name: &#039;Windows 10&#039;, os.arch: &#039;amd64&#039;, os.version: &#039;10.0&#039;, java.version: &#039;1.8.0_171&#039;
Driver info: org.openqa.selenium.chrome.ChromeDriver
Capabilities {acceptInsecureCerts: false, browserName: chrome, browserVersion: 83.0.4103.116, chrome: {chromedriverVersion: 83.0.4103.39 (ccbf011cb2d2b..., userDataDir: C:\Users\hp\AppData\Local\T...}, goog:chromeOptions: {debuggerAddress: localhost:60642}, javascriptEnabled: true, networkConnectionEnabled: false, pageLoadStrategy: normal, platform: WINDOWS, platformName: WINDOWS, proxy: Proxy(), setWindowRect: true, strictFileInteractability: false, timeouts: {implicit: 0, pageLoad: 300000, script: 30000}, unhandledPromptBehavior: dismiss and notify, webauthn:virtualAuthenticators: true}
Session ID: a2e5013fffc812b0a857a82ac8515425">
      <![CDATA[org.openqa.selenium.ElementClickInterceptedException: element click intercepted: Element <a style="color: #000;" title="Jeans" class="" href="https://www.shein.in/Jeans-c-1934.html?icn=jeans&amp;ici=in_tab01navbar02menu11dir01&amp;srctype=category&amp;userpath=category>WOMEN>CLOTHING>Denim>Jeans&amp;scici=navbar_2~~tab01navbar02menu11dir01~~2_11_1~~real_1934~~SPcCccWomenCategory_default~~0~~0" da-event-click="2-2-1" data-scici="navbar_2~~tab01navbar02menu11dir01~~2_11_1~~real_1934~~SPcCccWomenCategory_default~~0~~0" data-node-id="640600054">...</a> is not clickable at point (15, 7). Other element would receive the click: <div class="config-wrap j-topbanner-fixer" style="background: url(&quot;//img.ltwebstatic.com/images3_acp/2020/06/25/15930711117f7cfdf0aaa3acab72192ca364854a0f.gif&quot;) center 0px / 1920px 48px transparent; transform: translateY(0px);">...</div>
  (Session info: chrome=83.0.4103.116)
Build info: version: '3.141.59', revision: 'e82be7d358', time: '2018-11-14T08:17:03'
System info: host: 'LAPTOP-AGHJRJVA', ip: '192.168.137.1', os.name: 'Windows 10', os.arch: 'amd64', os.version: '10.0', java.version: '1.8.0_171'
Driver info: org.openqa.selenium.chrome.ChromeDriver
Capabilities {acceptInsecureCerts: false, browserName: chrome, browserVersion: 83.0.4103.116, chrome: {chromedriverVersion: 83.0.4103.39 (ccbf011cb2d2b..., userDataDir: C:\Users\hp\AppData\Local\T...}, goog:chromeOptions: {debuggerAddress: localhost:60642}, javascriptEnabled: true, networkConnectionEnabled: false, pageLoadStrategy: normal, platform: WINDOWS, platformName: WINDOWS, proxy: Proxy(), setWindowRect: true, strictFileInteractability: false, timeouts: {implicit: 0, pageLoad: 300000, script: 30000}, unhandledPromptBehavior: dismiss and notify, webauthn:virtualAuthenticators: true}
Session ID: a2e5013fffc812b0a857a82ac8515425
at sun.reflect.NativeConstructorAccessorImpl.newInstance0(Native Method)
at sun.reflect.NativeConstructorAccessorImpl.newInstance(NativeConstructorAccessorImpl.java:62)
at sun.reflect.DelegatingConstructorAccessorImpl.newInstance(DelegatingConstructorAccessorImpl.java:45)
at java.lang.reflect.Constructor.newInstance(Constructor.java:423)
at org.openqa.selenium.remote.http.W3CHttpResponseCodec.createException(W3CHttpResponseCodec.java:187)
at org.openqa.selenium.remote.http.W3CHttpResponseCodec.decode(W3CHttpResponseCodec.java:122)
at org.openqa.selenium.remote.http.W3CHttpResponseCodec.decode(W3CHttpResponseCodec.java:49)
at org.openqa.selenium.remote.HttpCommandExecutor.execute(HttpCommandExecutor.java:158)
at org.openqa.selenium.remote.service.DriverCommandExecutor.execute(DriverCommandExecutor.java:83)
at org.openqa.selenium.remote.RemoteWebDriver.execute(RemoteWebDriver.java:552)
at org.openqa.selenium.remote.RemoteWebElement.execute(RemoteWebElement.java:285)
at org.openqa.selenium.remote.RemoteWebElement.click(RemoteWebElement.java:84)
at testCases.Shein.mouseover_on_Clothing_and_click_Jeans(Shein.java:21)
at ✽.Mouseover on Clothing and click Jeans(file:src/main/java/feature/Shien.feature:6)
]]>
    </error>
  </testcase> <!-- runScenario -->
</testsuite> <!-- runner.Runner -->
